\BOOKMARK [0][-]{chapter.1}{第1章 はじめに}{}% 1
\BOOKMARK [1][-]{section.1.1}{1.1 研究背景}{chapter.1}% 2
\BOOKMARK [1][-]{section.1.2}{1.2 提案手法}{chapter.1}% 3
\BOOKMARK [1][-]{section.1.3}{1.3 論文の構成}{chapter.1}% 4
\BOOKMARK [0][-]{chapter.2}{第2章 関連技術}{}% 5
\BOOKMARK [1][-]{section.2.1}{2.1 コンテキスト指向プログラミング}{chapter.2}% 6
\BOOKMARK [1][-]{section.2.2}{2.2 ロボットオペレーティングシステム}{chapter.2}% 7
\BOOKMARK [2][-]{subsection.2.2.1}{2.2.1 特徴}{section.2.2}% 8
\BOOKMARK [2][-]{subsection.2.2.2}{2.2.2 機能}{section.2.2}% 9
\BOOKMARK [1][-]{section.2.3}{2.3 関連研究}{chapter.2}% 10
\BOOKMARK [0][-]{chapter.3}{第3章 提案手法}{}% 11
\BOOKMARK [1][-]{section.3.1}{3.1 概要}{chapter.3}% 12
\BOOKMARK [1][-]{section.3.2}{3.2 レイヤ記述}{chapter.3}% 13
\BOOKMARK [2][-]{subsection.3.2.1}{3.2.1 構成}{section.3.2}% 14
\BOOKMARK [2][-]{subsection.3.2.2}{3.2.2 解釈}{section.3.2}% 15
\BOOKMARK [1][-]{section.3.3}{3.3 レイヤアクティベーション}{chapter.3}% 16
\BOOKMARK [0][-]{chapter.4}{第4章 評価}{}% 17
\BOOKMARK [0][-]{chapter.5}{第5章 おわりに}{}% 18
\BOOKMARK [1][-]{section.5.1}{5.1 本研究の主たる成果}{chapter.5}% 19
\BOOKMARK [1][-]{section.5.2}{5.2 今後の課題}{chapter.5}% 20
\BOOKMARK [0][-]{chapter*.2}{謝辞}{}% 21
\BOOKMARK [0][-]{chapter*.3}{参考文献}{}% 22
\BOOKMARK [0][-]{chapter*.4}{発表論文}{}% 23
