\BOOKMARK [0][-]{chapter.1}{第1章 はじめに}{}% 1
\BOOKMARK [1][-]{section.1.1}{1.1 タイプセットの仕方}{chapter.1}% 2
\BOOKMARK [1][-]{section.1.2}{1.2 このテンプレートの構成}{chapter.1}% 3
\BOOKMARK [1][-]{section.1.3}{1.3 基本情報の書き換え}{chapter.1}% 4
\BOOKMARK [1][-]{section.1.4}{1.4 論文記述に関する基本的なルール}{chapter.1}% 5
\BOOKMARK [1][-]{section.1.5}{1.5 印刷に際する注意}{chapter.1}% 6
\BOOKMARK [1][-]{section.1.6}{1.6 Tips}{chapter.1}% 7
\BOOKMARK [2][-]{subsection.1.6.1}{1.6.1 全般}{section.1.6}% 8
\BOOKMARK [2][-]{subsection.1.6.2}{1.6.2 図}{section.1.6}% 9
\BOOKMARK [2][-]{subsection.1.6.3}{1.6.3 表}{section.1.6}% 10
\BOOKMARK [2][-]{subsection.1.6.4}{1.6.4 リスト}{section.1.6}% 11
\BOOKMARK [2][-]{subsection.1.6.5}{1.6.5 数式}{section.1.6}% 12
\BOOKMARK [2][-]{subsection.1.6.6}{1.6.6 引用}{section.1.6}% 13
\BOOKMARK [0][-]{chapter.2}{第2章 おわりに}{}% 14
\BOOKMARK [1][-]{section.2.1}{2.1 本研究の主たる成果}{chapter.2}% 15
\BOOKMARK [1][-]{section.2.2}{2.2 今後の課題}{chapter.2}% 16
\BOOKMARK [0][-]{chapter.3}{第3章 はじめに}{}% 17
\BOOKMARK [1][-]{section.3.1}{3.1 タイプセットの仕方}{chapter.3}% 18
\BOOKMARK [1][-]{section.3.2}{3.2 このテンプレートの構成}{chapter.3}% 19
\BOOKMARK [1][-]{section.3.3}{3.3 基本情報の書き換え}{chapter.3}% 20
\BOOKMARK [1][-]{section.3.4}{3.4 論文記述に関する基本的なルール}{chapter.3}% 21
\BOOKMARK [1][-]{section.3.5}{3.5 印刷に際する注意}{chapter.3}% 22
\BOOKMARK [1][-]{section.3.6}{3.6 Tips}{chapter.3}% 23
\BOOKMARK [2][-]{subsection.3.6.1}{3.6.1 全般}{section.3.6}% 24
\BOOKMARK [2][-]{subsection.3.6.2}{3.6.2 図}{section.3.6}% 25
\BOOKMARK [2][-]{subsection.3.6.3}{3.6.3 表}{section.3.6}% 26
\BOOKMARK [2][-]{subsection.3.6.4}{3.6.4 リスト}{section.3.6}% 27
\BOOKMARK [2][-]{subsection.3.6.5}{3.6.5 数式}{section.3.6}% 28
\BOOKMARK [2][-]{subsection.3.6.6}{3.6.6 引用}{section.3.6}% 29
\BOOKMARK [0][-]{chapter*.2}{謝辞}{}% 30
\BOOKMARK [0][-]{chapter*.3}{参考文献}{}% 31
\BOOKMARK [0][-]{chapter*.4}{発表論文}{}% 32
